<?xml version="1.0" encoding="UTF-8"?>
<!-- Generated by org.testng.reporters.JUnitReportReporter -->
<testsuite hostname="DESKTOP-A7L5GQS" failures="0" tests="11" name="com.smarttech.AmazonIphone" time="37.047" errors="0" timestamp="20 Jul 2019 07:30:52 GMT" skipped="0">
  <testcase classname="com.smarttech.AmazonIphone" name="Test9" time="0.141"/>
  <testcase classname="com.smarttech.AmazonIphone" name="Test3" time="6.452"/>
  <testcase classname="com.smarttech.AmazonIphone" name="Test6" time="0.754"/>
  <testcase classname="com.smarttech.AmazonIphone" name="Test7" time="0.667"/>
  <testcase classname="com.smarttech.AmazonIphone" name="Test2" time="0.675"/>
  <testcase classname="com.smarttech.AmazonIphone" name="Test10" time="0.147"/>
  <testcase classname="com.smarttech.AmazonIphone" name="Test4" time="2.978"/>
  <testcase classname="com.smarttech.AmazonIphone" name="Test11" time="0.204"/>
  <testcase classname="com.smarttech.AmazonIphone" name="setUp" time="18.812"/>
  <testcase classname="com.smarttech.AmazonIphone" name="Test5" time="6.052"/>
  <testcase classname="com.smarttech.AmazonIphone" name="Test8" time="0.165"/>
</testsuite> <!-- com.smarttech.AmazonIphone -->
