<?xml version="1.0" encoding="UTF-8"?>
<!-- Generated by org.testng.reporters.JUnitReportReporter -->
<testsuite hostname="DESKTOP-A7L5GQS" failures="0" tests="1" name="com.amazon.laptop.Human" time="0.039" errors="0" timestamp="16 Jul 2019 23:05:01 GMT" skipped="0">
  <testcase classname="com.amazon.laptop.Human" name="runner" time="0.039"/>
</testsuite> <!-- com.amazon.laptop.Human -->
