<?xml version="1.0" encoding="UTF-8"?>
<!-- Generated by org.testng.reporters.JUnitReportReporter -->
<testsuite hostname="DESKTOP-A7L5GQS" failures="0" tests="2" name="com.amazon.laptop.TestngPractice" time="0.015" errors="0" timestamp="13 Jul 2019 22:55:59 GMT" skipped="1">
  <testcase classname="com.amazon.laptop.TestngPractice" name="browser" time="0.015"/>
  <testcase classname="com.amazon.laptop.TestngPractice" name="setup">
    <skipped/>
  </testcase> <!-- setup -->
</testsuite> <!-- com.amazon.laptop.TestngPractice -->
