<?xml version="1.0" encoding="UTF-8"?>
<!-- Generated by org.testng.reporters.JUnitReportReporter -->
<testsuite hostname="DESKTOP-A7L5GQS" failures="0" tests="1" name="com.smoke.LoginCheck" time="26.917" errors="0" timestamp="29 Jun 2019 07:39:17 GMT" skipped="0">
  <testcase classname="com.smoke.LoginCheck" name="main" time="26.917"/>
</testsuite> <!-- com.smoke.LoginCheck -->
