<?xml version="1.0" encoding="UTF-8"?>
<!-- Generated by org.testng.reporters.JUnitReportReporter -->
<testsuite hostname="DESKTOP-A7L5GQS" failures="0" tests="1" name="com.learning.Human" time="0.030" errors="0" timestamp="12 Jul 2019 01:35:01 GMT" skipped="0">
  <testcase classname="com.learning.Human" name="runner" time="0.030"/>
</testsuite> <!-- com.learning.Human -->
