<?xml version="1.0" encoding="UTF-8"?>
<!-- Generated by org.testng.reporters.JUnitReportReporter -->
<testsuite hostname="DESKTOP-A7L5GQS" failures="0" tests="1" name="com.runnerAmazon.GCRLoginRunner$TestRunner" time="14.753" errors="0" timestamp="30 Jul 2019 23:16:28 GMT" skipped="0">
  <testcase classname="com.runnerAmazon.GCRLoginRunner$TestRunner" name="feature" time="14.753"/>
</testsuite> <!-- com.runnerAmazon.GCRLoginRunner$TestRunner -->
