<?xml version="1.0" encoding="UTF-8"?>
<!-- Generated by org.testng.reporters.JUnitReportReporter -->
<testsuite hostname="DESKTOP-A7L5GQS" failures="0" tests="6" name="com.amazon.tv.AmazonTeleviosion" time="16.183" errors="0" timestamp="20 Jul 2019 23:17:56 GMT" skipped="0">
  <testcase classname="com.amazon.tv.AmazonTeleviosion" name="brandCheckBox" time="3.291"/>
  <testcase classname="com.amazon.tv.AmazonTeleviosion" name="searchTV" time="4.879"/>
  <testcase classname="com.amazon.tv.AmazonTeleviosion" name="AllTvName" time="2.091"/>
  <testcase classname="com.amazon.tv.AmazonTeleviosion" name="AllTvPrice" time="1.645"/>
  <testcase classname="com.amazon.tv.AmazonTeleviosion" name="loginvalidation" time="0.588"/>
  <testcase classname="com.amazon.tv.AmazonTeleviosion" name="sorting" time="3.689"/>
</testsuite> <!-- com.amazon.tv.AmazonTeleviosion -->
